<?xml version="1.0" encoding="UTF-8"?>
<testResults version="1.2">
<httpSample t="32" it="0" lt="32" ct="26" ts="1680944038577" s="true" lb="API_CreateStream" rc="201" rm="Created" tn="Rules 1-1" dt="text" by="164" sby="274" ng="1" na="2">
  <assertionResult>
    <name>Response Assertion</name>
    <failure>false</failure>
    <error>false</error>
  </assertionResult>
  <java.net.URL>http://127.0.0.1:9081/streams</java.net.URL>
</httpSample>
<httpSample t="3" it="0" lt="2" ct="1" ts="1680944039116" s="true" lb="API_CreateRule" rc="201" rm="Created" tn="Rules 1-1" dt="text" by="177" sby="578" ng="1" na="2">
  <assertionResult>
    <name>Response Assertion</name>
    <failure>false</failure>
    <error>false</error>
  </assertionResult>
  <java.net.URL>http://127.0.0.1:9081/rules</java.net.URL>
</httpSample>
<httpSample t="1" it="0" lt="1" ct="0" ts="1680944039623" s="true" lb="API_GetRuleStatus" rc="200" rm="OK" tn="Rules 1-1" dt="text" by="1727" sby="137" ng="1" na="2">
  <assertionResult>
    <name>JSON Assertion</name>
    <failure>false</failure>
    <error>false</error>
    <failureMessage></failureMessage>
  </assertionResult>
  <java.net.URL>http://127.0.0.1:9081/rules/rule1/status</java.net.URL>
</httpSample>
<sample t="15677" it="0" lt="0" ct="0" ts="1680944037999" s="false" lb="OS Process Sampler" rc="0" rm="OK" tn="Result 2-1" dt="text" by="626" sby="0" ng="1" na="2">
  <assertionResult>
    <name>device Assertion</name>
    <failure>true</failure>
    <error>false</error>
    <failureMessage>No results for path: $[&apos;deviceName&apos;]</failureMessage>
  </assertionResult>
  <assertionResult>
    <name>Humidity value Assertion</name>
    <failure>true</failure>
    <error>false</error>
    <failureMessage>Missing property in path $[&apos;readings&apos;]</failureMessage>
  </assertionResult>
  <assertionResult>
    <name>temperature value Assertion</name>
    <failure>true</failure>
    <error>false</error>
    <failureMessage>Missing property in path $[&apos;readings&apos;]</failureMessage>
  </assertionResult>
  <assertionResult>
    <name>Humidity name assertion</name>
    <failure>false</failure>
    <error>false</error>
  </assertionResult>
  <assertionResult>
    <name>temperature name assertion</name>
    <failure>false</failure>
    <error>false</error>
  </assertionResult>
</sample>
<sample t="15017" it="0" lt="0" ct="0" ts="1680944040159" s="true" lb="OS Process Sampler" rc="0" rm="OK" tn="Rules 1-1" dt="text" by="32783" sby="0" ng="1" na="1"/>
<httpSample t="2" it="0" lt="1" ct="1" ts="1680944060676" s="false" lb="API_GetRuleStatus" rc="200" rm="OK" tn="Rules 1-1" dt="text" by="1870" sby="137" ng="1" na="1">
  <assertionResult>
    <name>JSON Assertion</name>
    <failure>true</failure>
    <error>false</error>
    <failureMessage>Value expected to be &apos;1&apos;, but found &apos;10&apos;</failureMessage>
  </assertionResult>
  <java.net.URL>http://127.0.0.1:9081/rules/rule1/status</java.net.URL>
</httpSample>
<httpSample t="2" it="0" lt="2" ct="1" ts="1680944061179" s="true" lb="API_DropRule" rc="200" rm="OK" tn="Rules 1-1" dt="text" by="158" sby="216" ng="1" na="1">
  <assertionResult>
    <name>Response Assertion</name>
    <failure>false</failure>
    <error>false</error>
  </assertionResult>
  <java.net.URL>http://127.0.0.1:9081/rules/rule1</java.net.URL>
</httpSample>
<httpSample t="1" it="0" lt="1" ct="1" ts="1680944061682" s="true" lb="API_Drop_Stream" rc="200" rm="OK" tn="Rules 1-1" dt="text" by="159" sby="217" ng="1" na="1">
  <assertionResult>
    <name>Response Assertion</name>
    <failure>false</failure>
    <error>false</error>
  </assertionResult>
  <java.net.URL>http://127.0.0.1:9081/streams/demo</java.net.URL>
</httpSample>
<sample t="15058" it="8628" lt="39" ct="30" ts="1680944037998" s="false" lb="Rule" rc="" rm="Number of samples in transaction : 7, number of failing samples : 1" tn="Rules 1-1" dt="" by="37038" sby="1559" ng="1" na="1"/>

</testResults>